C51 COMPILER V9.52.0.0   UDS                                                               03/01/2022 09:05:33 PAGE 1   


C51 COMPILER V9.52.0.0, COMPILATION OF MODULE UDS
OBJECT MODULE PLACED IN .\Objects\Uds.obj
COMPILER INVOKED BY: C:\Keil\C51\BIN\C51.EXE User\Uds.c OMF2 ROM(SMALL) BROWSE INCDIR(.\Library\Core;.\User;.\Library\Co
                    -re) VARBANKING DEBUG PRINT(.\Listings\Uds.lst) TABS(1) OBJECT(.\Objects\Uds.obj)

line level    source

   1          /******************* (C) COPYRIGHT 2019 Fortiortech Shenzhen *******************
   2           * File Name          : main.c
   3           * Creat Author       : Any Lin, R&D
   4           * Modify Author      : Any Lin, R&D
   5           * Creat Date         : 2019-04-23
   6           * Modify Date        : 2019-04-26
   7           * Description        :
   8           ********************************************************************************
   9           * All Rights Reserved
  10           *********************************************************************/
  11          #include <main.h>
  12          #include <FU68xx_5_MCU.h>


MODULE INFORMATION:   STATIC OVERLAYABLE
   CODE SIZE        =   ----    ----
   CONSTANT SIZE    =   ----    ----
   XDATA SIZE       =   ----    ----
   PDATA SIZE       =   ----    ----
   DATA SIZE        =   ----    ----
   IDATA SIZE       =   ----    ----
   BIT SIZE         =   ----    ----
   EDATA SIZE       =   ----    ----
   HDATA SIZE       =   ----    ----
   XDATA CONST SIZE =   ----    ----
   FAR CONST SIZE   =   ----    ----
END OF MODULE INFORMATION.


C51 COMPILATION COMPLETE.  0 WARNING(S),  0 ERROR(S)
